2020-07-01 09:27:00.725 INFO  --- [           main] com.tmall.marketing.dingdingrobot.DingdingRobotApplication : Starting DingdingRobotApplication on localhost with PID 76262 (/Users/tjq/Documents/code/DingDing-Robot/target/classes started by tjq in /Users/tjq/Documents/code/DingDing-Robot)
2020-07-01 09:27:00.727 INFO  --- [           main] com.tmall.marketing.dingdingrobot.DingdingRobotApplication : No active profile set, falling back to default profiles: default
2020-07-01 09:27:01.520 INFO  --- [           main] org.springframework.boot.web.embedded.tomcat.TomcatWebServer : Tomcat initialized with port(s): 7777 (http)
2020-07-01 09:27:01.538 INFO  --- [           main] org.apache.coyote.http11.Http11NioProtocol : Initializing ProtocolHandler ["http-nio-7777"]
2020-07-01 09:27:01.547 INFO  --- [           main] org.apache.catalina.core.StandardService : Starting service [Tomcat]
2020-07-01 09:27:01.547 INFO  --- [           main] org.apache.catalina.core.StandardEngine : Starting Servlet engine: [Apache Tomcat/9.0.19]
2020-07-01 09:27:01.616 INFO  --- [           main] org.apache.catalina.core.ContainerBase.[Tomcat].[localhost].[/] : Initializing Spring embedded WebApplicationContext
2020-07-01 09:27:01.617 INFO  --- [           main] org.springframework.web.context.ContextLoader : Root WebApplicationContext: initialization completed in 858 ms
2020-07-01 09:27:01.779 INFO  --- [           main] org.springframework.scheduling.concurrent.ThreadPoolTaskExecutor : Initializing ExecutorService 'applicationTaskExecutor'
2020-07-01 09:27:01.874 INFO  --- [           main] org.springframework.scheduling.concurrent.ThreadPoolTaskScheduler : Initializing ExecutorService 'taskScheduler'
2020-07-01 09:27:01.900 INFO  --- [           main] org.apache.coyote.http11.Http11NioProtocol : Starting ProtocolHandler ["http-nio-7777"]
2020-07-01 09:27:01.915 INFO  --- [           main] org.springframework.boot.web.embedded.tomcat.TomcatWebServer : Tomcat started on port(s): 7777 (http) with context path ''
2020-07-01 09:27:01.918 INFO  --- [           main] com.tmall.marketing.dingdingrobot.DingdingRobotApplication : Started DingdingRobotApplication in 1.459 seconds (JVM running for 2.345)
2020-07-01 12:38:30.462 ERROR --- [   scheduling-1] org.springframework.scheduling.support.TaskUtils$LoggingErrorHandler : Unexpected error occurred in scheduled task.
java.lang.NullPointerException: null
	at com.tmall.marketing.dingdingrobot.schedule.EatingSchedule.sendEatingMsg(EatingSchedule.java:56) ~[classes/:?]
	at jdk.internal.reflect.NativeMethodAccessorImpl.invoke0(Native Method) ~[?:?]
	at jdk.internal.reflect.NativeMethodAccessorImpl.invoke(NativeMethodAccessorImpl.java:62) ~[?:?]
	at jdk.internal.reflect.DelegatingMethodAccessorImpl.invoke(DelegatingMethodAccessorImpl.java:43) ~[?:?]
	at java.lang.reflect.Method.invoke(Method.java:566) ~[?:?]
	at org.springframework.scheduling.support.ScheduledMethodRunnable.run(ScheduledMethodRunnable.java:84) ~[spring-context-5.1.7.RELEASE.jar:5.1.7.RELEASE]
	at org.springframework.scheduling.support.DelegatingErrorHandlingRunnable.run(DelegatingErrorHandlingRunnable.java:54) [spring-context-5.1.7.RELEASE.jar:5.1.7.RELEASE]
	at org.springframework.scheduling.concurrent.ReschedulingRunnable.run(ReschedulingRunnable.java:93) [spring-context-5.1.7.RELEASE.jar:5.1.7.RELEASE]
	at java.util.concurrent.Executors$RunnableAdapter.call(Executors.java:515) [?:?]
	at java.util.concurrent.FutureTask.run$$$capture(FutureTask.java:264) [?:?]
	at java.util.concurrent.FutureTask.run(FutureTask.java) [?:?]
	at java.util.concurrent.ScheduledThreadPoolExecutor$ScheduledFutureTask.run(ScheduledThreadPoolExecutor.java:304) [?:?]
	at java.util.concurrent.ThreadPoolExecutor.runWorker(ThreadPoolExecutor.java:1128) [?:?]
	at java.util.concurrent.ThreadPoolExecutor$Worker.run(ThreadPoolExecutor.java:628) [?:?]
	at java.lang.Thread.run(Thread.java:834) [?:?]
2020-07-01 15:40:50.186 INFO  --- [           main] org.springframework.boot.test.context.SpringBootTestContextBootstrapper : Neither @ContextConfiguration nor @ContextHierarchy found for test class [com.tmall.marketing.dingdingrobot.PowerJobTests], using SpringBootContextLoader
2020-07-01 15:40:50.204 INFO  --- [           main] org.springframework.test.context.support.AbstractContextLoader : Could not detect default resource locations for test class [com.tmall.marketing.dingdingrobot.PowerJobTests]: no resource found for suffixes {-context.xml, Context.groovy}.
2020-07-01 15:40:50.206 INFO  --- [           main] org.springframework.test.context.support.AnnotationConfigContextLoaderUtils : Could not detect default configuration classes for test class [com.tmall.marketing.dingdingrobot.PowerJobTests]: PowerJobTests does not declare any static, non-private, non-final, nested classes annotated with @Configuration.
2020-07-01 15:40:50.403 INFO  --- [           main] org.springframework.boot.test.context.SpringBootTestContextBootstrapper : Found @SpringBootConfiguration com.tmall.marketing.dingdingrobot.DingdingRobotApplication for test class com.tmall.marketing.dingdingrobot.PowerJobTests
2020-07-01 15:40:50.510 INFO  --- [           main] org.springframework.boot.test.context.SpringBootTestContextBootstrapper : Loaded default TestExecutionListener class names from location [META-INF/spring.factories]: [org.springframework.boot.test.mock.mockito.MockitoTestExecutionListener, org.springframework.boot.test.mock.mockito.ResetMocksTestExecutionListener, org.springframework.boot.test.autoconfigure.restdocs.RestDocsTestExecutionListener, org.springframework.boot.test.autoconfigure.web.client.MockRestServiceServerResetTestExecutionListener, org.springframework.boot.test.autoconfigure.web.servlet.MockMvcPrintOnlyOnFailureTestExecutionListener, org.springframework.boot.test.autoconfigure.web.servlet.WebDriverTestExecutionListener, org.springframework.test.context.web.ServletTestExecutionListener, org.springframework.test.context.support.DirtiesContextBeforeModesTestExecutionListener, org.springframework.test.context.support.DependencyInjectionTestExecutionListener, org.springframework.test.context.support.DirtiesContextTestExecutionListener, org.springframework.test.context.transaction.TransactionalTestExecutionListener, org.springframework.test.context.jdbc.SqlScriptsTestExecutionListener, org.springframework.test.context.event.EventPublishingTestExecutionListener]
2020-07-01 15:40:50.529 INFO  --- [           main] org.springframework.boot.test.context.SpringBootTestContextBootstrapper : Using TestExecutionListeners: [org.springframework.test.context.web.ServletTestExecutionListener@1051817b, org.springframework.test.context.support.DirtiesContextBeforeModesTestExecutionListener@35293c05, org.springframework.boot.test.mock.mockito.MockitoTestExecutionListener@620aa4ea, org.springframework.boot.test.autoconfigure.SpringBootDependencyInjectionTestExecutionListener@2db2dd9d, org.springframework.test.context.support.DirtiesContextTestExecutionListener@3174cb09, org.springframework.test.context.transaction.TransactionalTestExecutionListener@4d411036, org.springframework.test.context.jdbc.SqlScriptsTestExecutionListener@7adbd080, org.springframework.test.context.event.EventPublishingTestExecutionListener@41beb473, org.springframework.boot.test.mock.mockito.ResetMocksTestExecutionListener@560513ce, org.springframework.boot.test.autoconfigure.restdocs.RestDocsTestExecutionListener@13006998, org.springframework.boot.test.autoconfigure.web.client.MockRestServiceServerResetTestExecutionListener@37fbe4a8, org.springframework.boot.test.autoconfigure.web.servlet.MockMvcPrintOnlyOnFailureTestExecutionListener@352c308, org.springframework.boot.test.autoconfigure.web.servlet.WebDriverTestExecutionListener@7d373bcf]
2020-07-01 15:40:50.862 INFO  --- [           main] com.tmall.marketing.dingdingrobot.PowerJobTests : Starting PowerJobTests on localhost with PID 79168 (started by tjq in /Users/tjq/Documents/code/DingDing-Robot)
2020-07-01 15:40:50.866 INFO  --- [           main] com.tmall.marketing.dingdingrobot.PowerJobTests : No active profile set, falling back to default profiles: default
2020-07-01 15:40:51.485 INFO  --- [           main] org.springframework.data.repository.config.RepositoryConfigurationDelegate : Bootstrapping Spring Data JPA repositories in DEFAULT mode.
2020-07-01 15:40:51.577 INFO  --- [           main] org.springframework.data.repository.config.RepositoryConfigurationDelegate : Finished Spring Data repository scanning in 81ms. Found 4 JPA repository interfaces.
2020-07-01 15:40:52.301 INFO  --- [           main] org.hibernate.Version : HHH000412: Hibernate ORM core version 5.4.12.Final
2020-07-01 15:40:52.474 INFO  --- [           main] org.hibernate.annotations.common.Version : HCANN000001: Hibernate Commons Annotations {5.1.0.Final}
2020-07-01 15:40:52.654 INFO  --- [           main] com.zaxxer.hikari.HikariDataSource : HikariPool-1 - Starting...
2020-07-01 15:40:53.261 INFO  --- [           main] com.zaxxer.hikari.HikariDataSource : HikariPool-1 - Start completed.
2020-07-01 15:40:53.295 INFO  --- [           main] org.hibernate.dialect.Dialect : HHH000400: Using dialect: org.hibernate.dialect.MySQL8Dialect
2020-07-01 15:40:54.379 INFO  --- [           main] org.hibernate.engine.transaction.jta.platform.internal.JtaPlatformInitiator : HHH000490: Using JtaPlatform implementation: [org.hibernate.engine.transaction.jta.platform.internal.NoJtaPlatform]
2020-07-01 15:40:54.389 INFO  --- [           main] org.springframework.orm.jpa.LocalContainerEntityManagerFactoryBean : Initialized JPA EntityManagerFactory for persistence unit 'default'
2020-07-01 15:40:55.038 INFO  --- [           main] org.springframework.scheduling.concurrent.ThreadPoolTaskScheduler : Initializing ExecutorService 'taskScheduler'
2020-07-01 15:40:55.248 WARN  --- [           main] org.springframework.boot.autoconfigure.orm.jpa.JpaBaseConfiguration$JpaWebConfiguration : spring.jpa.open-in-view is enabled by default. Therefore, database queries may be performed during view rendering. Explicitly configure spring.jpa.open-in-view to disable this warning
2020-07-01 15:40:55.461 INFO  --- [           main] org.springframework.scheduling.concurrent.ThreadPoolTaskExecutor : Initializing ExecutorService 'applicationTaskExecutor'
2020-07-01 15:40:55.793 INFO  --- [           main] com.tmall.marketing.dingdingrobot.PowerJobTests : Started PowerJobTests in 5.218 seconds (JVM running for 7.017)
2020-07-01 15:40:55.925 WARN  --- [           main] com.tmall.marketing.dingdingrobot.powerjob.service.DetectionService : [DetectionService] can't request http://localhost:7700/server/hello, maybe server has down.
2020-07-01 15:40:56.203 INFO  --- [SpringContextShutdownHook] org.springframework.scheduling.concurrent.ThreadPoolTaskExecutor : Shutting down ExecutorService 'applicationTaskExecutor'
2020-07-01 15:40:56.203 INFO  --- [SpringContextShutdownHook] org.springframework.scheduling.concurrent.ThreadPoolTaskScheduler : Shutting down ExecutorService 'taskScheduler'
2020-07-01 15:40:56.205 INFO  --- [SpringContextShutdownHook] org.springframework.orm.jpa.LocalContainerEntityManagerFactoryBean : Closing JPA EntityManagerFactory for persistence unit 'default'
2020-07-01 15:40:56.208 INFO  --- [SpringContextShutdownHook] com.zaxxer.hikari.HikariDataSource : HikariPool-1 - Shutdown initiated...
2020-07-01 15:40:56.227 INFO  --- [SpringContextShutdownHook] com.zaxxer.hikari.HikariDataSource : HikariPool-1 - Shutdown completed.
2020-07-01 15:42:40.852 INFO  --- [           main] org.springframework.boot.test.context.SpringBootTestContextBootstrapper : Neither @ContextConfiguration nor @ContextHierarchy found for test class [com.tmall.marketing.dingdingrobot.PowerJobTests], using SpringBootContextLoader
2020-07-01 15:42:40.863 INFO  --- [           main] org.springframework.test.context.support.AbstractContextLoader : Could not detect default resource locations for test class [com.tmall.marketing.dingdingrobot.PowerJobTests]: no resource found for suffixes {-context.xml, Context.groovy}.
2020-07-01 15:42:40.864 INFO  --- [           main] org.springframework.test.context.support.AnnotationConfigContextLoaderUtils : Could not detect default configuration classes for test class [com.tmall.marketing.dingdingrobot.PowerJobTests]: PowerJobTests does not declare any static, non-private, non-final, nested classes annotated with @Configuration.
2020-07-01 15:42:40.997 INFO  --- [           main] org.springframework.boot.test.context.SpringBootTestContextBootstrapper : Found @SpringBootConfiguration com.tmall.marketing.dingdingrobot.DingdingRobotApplication for test class com.tmall.marketing.dingdingrobot.PowerJobTests
2020-07-01 15:42:41.103 INFO  --- [           main] org.springframework.boot.test.context.SpringBootTestContextBootstrapper : Loaded default TestExecutionListener class names from location [META-INF/spring.factories]: [org.springframework.boot.test.mock.mockito.MockitoTestExecutionListener, org.springframework.boot.test.mock.mockito.ResetMocksTestExecutionListener, org.springframework.boot.test.autoconfigure.restdocs.RestDocsTestExecutionListener, org.springframework.boot.test.autoconfigure.web.client.MockRestServiceServerResetTestExecutionListener, org.springframework.boot.test.autoconfigure.web.servlet.MockMvcPrintOnlyOnFailureTestExecutionListener, org.springframework.boot.test.autoconfigure.web.servlet.WebDriverTestExecutionListener, org.springframework.test.context.web.ServletTestExecutionListener, org.springframework.test.context.support.DirtiesContextBeforeModesTestExecutionListener, org.springframework.test.context.support.DependencyInjectionTestExecutionListener, org.springframework.test.context.support.DirtiesContextTestExecutionListener, org.springframework.test.context.transaction.TransactionalTestExecutionListener, org.springframework.test.context.jdbc.SqlScriptsTestExecutionListener, org.springframework.test.context.event.EventPublishingTestExecutionListener]
2020-07-01 15:42:41.116 INFO  --- [           main] org.springframework.boot.test.context.SpringBootTestContextBootstrapper : Using TestExecutionListeners: [org.springframework.test.context.web.ServletTestExecutionListener@1051817b, org.springframework.test.context.support.DirtiesContextBeforeModesTestExecutionListener@35293c05, org.springframework.boot.test.mock.mockito.MockitoTestExecutionListener@620aa4ea, org.springframework.boot.test.autoconfigure.SpringBootDependencyInjectionTestExecutionListener@2db2dd9d, org.springframework.test.context.support.DirtiesContextTestExecutionListener@3174cb09, org.springframework.test.context.transaction.TransactionalTestExecutionListener@4d411036, org.springframework.test.context.jdbc.SqlScriptsTestExecutionListener@7adbd080, org.springframework.test.context.event.EventPublishingTestExecutionListener@41beb473, org.springframework.boot.test.mock.mockito.ResetMocksTestExecutionListener@560513ce, org.springframework.boot.test.autoconfigure.restdocs.RestDocsTestExecutionListener@13006998, org.springframework.boot.test.autoconfigure.web.client.MockRestServiceServerResetTestExecutionListener@37fbe4a8, org.springframework.boot.test.autoconfigure.web.servlet.MockMvcPrintOnlyOnFailureTestExecutionListener@352c308, org.springframework.boot.test.autoconfigure.web.servlet.WebDriverTestExecutionListener@7d373bcf]
2020-07-01 15:42:41.433 INFO  --- [           main] com.tmall.marketing.dingdingrobot.PowerJobTests : Starting PowerJobTests on localhost with PID 79200 (started by tjq in /Users/tjq/Documents/code/DingDing-Robot)
2020-07-01 15:42:41.440 INFO  --- [           main] com.tmall.marketing.dingdingrobot.PowerJobTests : No active profile set, falling back to default profiles: default
2020-07-01 15:42:42.019 INFO  --- [           main] org.springframework.data.repository.config.RepositoryConfigurationDelegate : Bootstrapping Spring Data JPA repositories in DEFAULT mode.
2020-07-01 15:42:42.098 INFO  --- [           main] org.springframework.data.repository.config.RepositoryConfigurationDelegate : Finished Spring Data repository scanning in 70ms. Found 4 JPA repository interfaces.
2020-07-01 15:42:42.705 INFO  --- [           main] org.hibernate.Version : HHH000412: Hibernate ORM core version 5.4.12.Final
2020-07-01 15:42:42.838 INFO  --- [           main] org.hibernate.annotations.common.Version : HCANN000001: Hibernate Commons Annotations {5.1.0.Final}
2020-07-01 15:42:42.972 INFO  --- [           main] com.zaxxer.hikari.HikariDataSource : HikariPool-1 - Starting...
2020-07-01 15:42:43.984 INFO  --- [           main] com.zaxxer.hikari.HikariDataSource : HikariPool-1 - Start completed.
2020-07-01 15:42:44.009 INFO  --- [           main] org.hibernate.dialect.Dialect : HHH000400: Using dialect: org.hibernate.dialect.MySQL8Dialect
2020-07-01 15:42:44.848 INFO  --- [           main] org.hibernate.engine.transaction.jta.platform.internal.JtaPlatformInitiator : HHH000490: Using JtaPlatform implementation: [org.hibernate.engine.transaction.jta.platform.internal.NoJtaPlatform]
2020-07-01 15:42:44.856 INFO  --- [           main] org.springframework.orm.jpa.LocalContainerEntityManagerFactoryBean : Initialized JPA EntityManagerFactory for persistence unit 'default'
2020-07-01 15:42:45.378 INFO  --- [           main] org.springframework.scheduling.concurrent.ThreadPoolTaskScheduler : Initializing ExecutorService 'taskScheduler'
2020-07-01 15:42:45.556 WARN  --- [           main] org.springframework.boot.autoconfigure.orm.jpa.JpaBaseConfiguration$JpaWebConfiguration : spring.jpa.open-in-view is enabled by default. Therefore, database queries may be performed during view rendering. Explicitly configure spring.jpa.open-in-view to disable this warning
2020-07-01 15:42:45.733 INFO  --- [           main] org.springframework.scheduling.concurrent.ThreadPoolTaskExecutor : Initializing ExecutorService 'applicationTaskExecutor'
2020-07-01 15:42:46.051 INFO  --- [           main] com.tmall.marketing.dingdingrobot.PowerJobTests : Started PowerJobTests in 4.896 seconds (JVM running for 6.194)
2020-07-01 15:42:46.293 WARN  --- [           main] com.tmall.marketing.dingdingrobot.powerjob.service.DetectionService : [DetectionService] can't request http://124.70.67.79:7700/server/hello, maybe server has down.
2020-07-01 15:42:46.552 INFO  --- [SpringContextShutdownHook] org.springframework.scheduling.concurrent.ThreadPoolTaskExecutor : Shutting down ExecutorService 'applicationTaskExecutor'
2020-07-01 15:42:46.553 INFO  --- [SpringContextShutdownHook] org.springframework.scheduling.concurrent.ThreadPoolTaskScheduler : Shutting down ExecutorService 'taskScheduler'
2020-07-01 15:42:46.554 INFO  --- [SpringContextShutdownHook] org.springframework.orm.jpa.LocalContainerEntityManagerFactoryBean : Closing JPA EntityManagerFactory for persistence unit 'default'
2020-07-01 15:42:46.557 INFO  --- [SpringContextShutdownHook] com.zaxxer.hikari.HikariDataSource : HikariPool-1 - Shutdown initiated...
2020-07-01 15:42:46.578 INFO  --- [SpringContextShutdownHook] com.zaxxer.hikari.HikariDataSource : HikariPool-1 - Shutdown completed.
2020-07-01 15:43:47.124 INFO  --- [           main] org.springframework.boot.test.context.SpringBootTestContextBootstrapper : Neither @ContextConfiguration nor @ContextHierarchy found for test class [com.tmall.marketing.dingdingrobot.PowerJobTests], using SpringBootContextLoader
2020-07-01 15:43:47.137 INFO  --- [           main] org.springframework.test.context.support.AbstractContextLoader : Could not detect default resource locations for test class [com.tmall.marketing.dingdingrobot.PowerJobTests]: no resource found for suffixes {-context.xml, Context.groovy}.
2020-07-01 15:43:47.138 INFO  --- [           main] org.springframework.test.context.support.AnnotationConfigContextLoaderUtils : Could not detect default configuration classes for test class [com.tmall.marketing.dingdingrobot.PowerJobTests]: PowerJobTests does not declare any static, non-private, non-final, nested classes annotated with @Configuration.
2020-07-01 15:43:47.281 INFO  --- [           main] org.springframework.boot.test.context.SpringBootTestContextBootstrapper : Found @SpringBootConfiguration com.tmall.marketing.dingdingrobot.DingdingRobotApplication for test class com.tmall.marketing.dingdingrobot.PowerJobTests
2020-07-01 15:43:47.386 INFO  --- [           main] org.springframework.boot.test.context.SpringBootTestContextBootstrapper : Loaded default TestExecutionListener class names from location [META-INF/spring.factories]: [org.springframework.boot.test.mock.mockito.MockitoTestExecutionListener, org.springframework.boot.test.mock.mockito.ResetMocksTestExecutionListener, org.springframework.boot.test.autoconfigure.restdocs.RestDocsTestExecutionListener, org.springframework.boot.test.autoconfigure.web.client.MockRestServiceServerResetTestExecutionListener, org.springframework.boot.test.autoconfigure.web.servlet.MockMvcPrintOnlyOnFailureTestExecutionListener, org.springframework.boot.test.autoconfigure.web.servlet.WebDriverTestExecutionListener, org.springframework.test.context.web.ServletTestExecutionListener, org.springframework.test.context.support.DirtiesContextBeforeModesTestExecutionListener, org.springframework.test.context.support.DependencyInjectionTestExecutionListener, org.springframework.test.context.support.DirtiesContextTestExecutionListener, org.springframework.test.context.transaction.TransactionalTestExecutionListener, org.springframework.test.context.jdbc.SqlScriptsTestExecutionListener, org.springframework.test.context.event.EventPublishingTestExecutionListener]
2020-07-01 15:43:47.407 INFO  --- [           main] org.springframework.boot.test.context.SpringBootTestContextBootstrapper : Using TestExecutionListeners: [org.springframework.test.context.web.ServletTestExecutionListener@1051817b, org.springframework.test.context.support.DirtiesContextBeforeModesTestExecutionListener@35293c05, org.springframework.boot.test.mock.mockito.MockitoTestExecutionListener@620aa4ea, org.springframework.boot.test.autoconfigure.SpringBootDependencyInjectionTestExecutionListener@2db2dd9d, org.springframework.test.context.support.DirtiesContextTestExecutionListener@3174cb09, org.springframework.test.context.transaction.TransactionalTestExecutionListener@4d411036, org.springframework.test.context.jdbc.SqlScriptsTestExecutionListener@7adbd080, org.springframework.test.context.event.EventPublishingTestExecutionListener@41beb473, org.springframework.boot.test.mock.mockito.ResetMocksTestExecutionListener@560513ce, org.springframework.boot.test.autoconfigure.restdocs.RestDocsTestExecutionListener@13006998, org.springframework.boot.test.autoconfigure.web.client.MockRestServiceServerResetTestExecutionListener@37fbe4a8, org.springframework.boot.test.autoconfigure.web.servlet.MockMvcPrintOnlyOnFailureTestExecutionListener@352c308, org.springframework.boot.test.autoconfigure.web.servlet.WebDriverTestExecutionListener@7d373bcf]
2020-07-01 15:43:47.745 INFO  --- [           main] com.tmall.marketing.dingdingrobot.PowerJobTests : Starting PowerJobTests on localhost with PID 79218 (started by tjq in /Users/tjq/Documents/code/DingDing-Robot)
2020-07-01 15:43:47.748 INFO  --- [           main] com.tmall.marketing.dingdingrobot.PowerJobTests : No active profile set, falling back to default profiles: default
2020-07-01 15:43:48.344 INFO  --- [           main] org.springframework.data.repository.config.RepositoryConfigurationDelegate : Bootstrapping Spring Data JPA repositories in DEFAULT mode.
2020-07-01 15:43:48.416 INFO  --- [           main] org.springframework.data.repository.config.RepositoryConfigurationDelegate : Finished Spring Data repository scanning in 62ms. Found 4 JPA repository interfaces.
2020-07-01 15:43:49.045 INFO  --- [           main] org.hibernate.Version : HHH000412: Hibernate ORM core version 5.4.12.Final
2020-07-01 15:43:49.191 INFO  --- [           main] org.hibernate.annotations.common.Version : HCANN000001: Hibernate Commons Annotations {5.1.0.Final}
2020-07-01 15:43:49.335 INFO  --- [           main] com.zaxxer.hikari.HikariDataSource : HikariPool-1 - Starting...
2020-07-01 15:43:49.834 INFO  --- [           main] com.zaxxer.hikari.HikariDataSource : HikariPool-1 - Start completed.
2020-07-01 15:43:49.857 INFO  --- [           main] org.hibernate.dialect.Dialect : HHH000400: Using dialect: org.hibernate.dialect.MySQL8Dialect
2020-07-01 15:43:50.835 INFO  --- [           main] org.hibernate.engine.transaction.jta.platform.internal.JtaPlatformInitiator : HHH000490: Using JtaPlatform implementation: [org.hibernate.engine.transaction.jta.platform.internal.NoJtaPlatform]
2020-07-01 15:43:50.844 INFO  --- [           main] org.springframework.orm.jpa.LocalContainerEntityManagerFactoryBean : Initialized JPA EntityManagerFactory for persistence unit 'default'
2020-07-01 15:43:51.423 INFO  --- [           main] org.springframework.scheduling.concurrent.ThreadPoolTaskScheduler : Initializing ExecutorService 'taskScheduler'
2020-07-01 15:43:51.608 WARN  --- [           main] org.springframework.boot.autoconfigure.orm.jpa.JpaBaseConfiguration$JpaWebConfiguration : spring.jpa.open-in-view is enabled by default. Therefore, database queries may be performed during view rendering. Explicitly configure spring.jpa.open-in-view to disable this warning
2020-07-01 15:43:51.794 INFO  --- [           main] org.springframework.scheduling.concurrent.ThreadPoolTaskExecutor : Initializing ExecutorService 'applicationTaskExecutor'
2020-07-01 15:43:52.091 INFO  --- [           main] com.tmall.marketing.dingdingrobot.PowerJobTests : Started PowerJobTests in 4.633 seconds (JVM running for 5.929)
2020-07-01 15:43:52.361 INFO  --- [SpringContextShutdownHook] org.springframework.scheduling.concurrent.ThreadPoolTaskExecutor : Shutting down ExecutorService 'applicationTaskExecutor'
2020-07-01 15:43:52.361 INFO  --- [SpringContextShutdownHook] org.springframework.scheduling.concurrent.ThreadPoolTaskScheduler : Shutting down ExecutorService 'taskScheduler'
2020-07-01 15:43:52.363 INFO  --- [SpringContextShutdownHook] org.springframework.orm.jpa.LocalContainerEntityManagerFactoryBean : Closing JPA EntityManagerFactory for persistence unit 'default'
2020-07-01 15:43:52.365 INFO  --- [SpringContextShutdownHook] com.zaxxer.hikari.HikariDataSource : HikariPool-1 - Shutdown initiated...
2020-07-01 15:43:52.384 INFO  --- [SpringContextShutdownHook] com.zaxxer.hikari.HikariDataSource : HikariPool-1 - Shutdown completed.
2020-07-01 15:44:07.974 INFO  --- [           main] org.springframework.boot.test.context.SpringBootTestContextBootstrapper : Neither @ContextConfiguration nor @ContextHierarchy found for test class [com.tmall.marketing.dingdingrobot.PowerJobTests], using SpringBootContextLoader
2020-07-01 15:44:07.984 INFO  --- [           main] org.springframework.test.context.support.AbstractContextLoader : Could not detect default resource locations for test class [com.tmall.marketing.dingdingrobot.PowerJobTests]: no resource found for suffixes {-context.xml, Context.groovy}.
2020-07-01 15:44:07.985 INFO  --- [           main] org.springframework.test.context.support.AnnotationConfigContextLoaderUtils : Could not detect default configuration classes for test class [com.tmall.marketing.dingdingrobot.PowerJobTests]: PowerJobTests does not declare any static, non-private, non-final, nested classes annotated with @Configuration.
2020-07-01 15:44:08.125 INFO  --- [           main] org.springframework.boot.test.context.SpringBootTestContextBootstrapper : Found @SpringBootConfiguration com.tmall.marketing.dingdingrobot.DingdingRobotApplication for test class com.tmall.marketing.dingdingrobot.PowerJobTests
2020-07-01 15:44:08.239 INFO  --- [           main] org.springframework.boot.test.context.SpringBootTestContextBootstrapper : Loaded default TestExecutionListener class names from location [META-INF/spring.factories]: [org.springframework.boot.test.mock.mockito.MockitoTestExecutionListener, org.springframework.boot.test.mock.mockito.ResetMocksTestExecutionListener, org.springframework.boot.test.autoconfigure.restdocs.RestDocsTestExecutionListener, org.springframework.boot.test.autoconfigure.web.client.MockRestServiceServerResetTestExecutionListener, org.springframework.boot.test.autoconfigure.web.servlet.MockMvcPrintOnlyOnFailureTestExecutionListener, org.springframework.boot.test.autoconfigure.web.servlet.WebDriverTestExecutionListener, org.springframework.test.context.web.ServletTestExecutionListener, org.springframework.test.context.support.DirtiesContextBeforeModesTestExecutionListener, org.springframework.test.context.support.DependencyInjectionTestExecutionListener, org.springframework.test.context.support.DirtiesContextTestExecutionListener, org.springframework.test.context.transaction.TransactionalTestExecutionListener, org.springframework.test.context.jdbc.SqlScriptsTestExecutionListener, org.springframework.test.context.event.EventPublishingTestExecutionListener]
2020-07-01 15:44:08.255 INFO  --- [           main] org.springframework.boot.test.context.SpringBootTestContextBootstrapper : Using TestExecutionListeners: [org.springframework.test.context.web.ServletTestExecutionListener@1051817b, org.springframework.test.context.support.DirtiesContextBeforeModesTestExecutionListener@35293c05, org.springframework.boot.test.mock.mockito.MockitoTestExecutionListener@620aa4ea, org.springframework.boot.test.autoconfigure.SpringBootDependencyInjectionTestExecutionListener@2db2dd9d, org.springframework.test.context.support.DirtiesContextTestExecutionListener@3174cb09, org.springframework.test.context.transaction.TransactionalTestExecutionListener@4d411036, org.springframework.test.context.jdbc.SqlScriptsTestExecutionListener@7adbd080, org.springframework.test.context.event.EventPublishingTestExecutionListener@41beb473, org.springframework.boot.test.mock.mockito.ResetMocksTestExecutionListener@560513ce, org.springframework.boot.test.autoconfigure.restdocs.RestDocsTestExecutionListener@13006998, org.springframework.boot.test.autoconfigure.web.client.MockRestServiceServerResetTestExecutionListener@37fbe4a8, org.springframework.boot.test.autoconfigure.web.servlet.MockMvcPrintOnlyOnFailureTestExecutionListener@352c308, org.springframework.boot.test.autoconfigure.web.servlet.WebDriverTestExecutionListener@7d373bcf]
2020-07-01 15:44:08.568 INFO  --- [           main] com.tmall.marketing.dingdingrobot.PowerJobTests : Starting PowerJobTests on localhost with PID 79223 (started by tjq in /Users/tjq/Documents/code/DingDing-Robot)
2020-07-01 15:44:08.573 INFO  --- [           main] com.tmall.marketing.dingdingrobot.PowerJobTests : No active profile set, falling back to default profiles: default
2020-07-01 15:44:09.142 INFO  --- [           main] org.springframework.data.repository.config.RepositoryConfigurationDelegate : Bootstrapping Spring Data JPA repositories in DEFAULT mode.
2020-07-01 15:44:09.215 INFO  --- [           main] org.springframework.data.repository.config.RepositoryConfigurationDelegate : Finished Spring Data repository scanning in 66ms. Found 4 JPA repository interfaces.
2020-07-01 15:44:09.862 INFO  --- [           main] org.hibernate.Version : HHH000412: Hibernate ORM core version 5.4.12.Final
2020-07-01 15:44:09.995 INFO  --- [           main] org.hibernate.annotations.common.Version : HCANN000001: Hibernate Commons Annotations {5.1.0.Final}
2020-07-01 15:44:10.128 INFO  --- [           main] com.zaxxer.hikari.HikariDataSource : HikariPool-1 - Starting...
2020-07-01 15:44:10.691 INFO  --- [           main] com.zaxxer.hikari.HikariDataSource : HikariPool-1 - Start completed.
2020-07-01 15:44:10.714 INFO  --- [           main] org.hibernate.dialect.Dialect : HHH000400: Using dialect: org.hibernate.dialect.MySQL8Dialect
2020-07-01 15:44:11.707 INFO  --- [           main] org.hibernate.engine.transaction.jta.platform.internal.JtaPlatformInitiator : HHH000490: Using JtaPlatform implementation: [org.hibernate.engine.transaction.jta.platform.internal.NoJtaPlatform]
2020-07-01 15:44:11.715 INFO  --- [           main] org.springframework.orm.jpa.LocalContainerEntityManagerFactoryBean : Initialized JPA EntityManagerFactory for persistence unit 'default'
2020-07-01 15:44:12.251 INFO  --- [           main] org.springframework.scheduling.concurrent.ThreadPoolTaskScheduler : Initializing ExecutorService 'taskScheduler'
2020-07-01 15:44:12.460 WARN  --- [           main] org.springframework.boot.autoconfigure.orm.jpa.JpaBaseConfiguration$JpaWebConfiguration : spring.jpa.open-in-view is enabled by default. Therefore, database queries may be performed during view rendering. Explicitly configure spring.jpa.open-in-view to disable this warning
2020-07-01 15:44:12.658 INFO  --- [           main] org.springframework.scheduling.concurrent.ThreadPoolTaskExecutor : Initializing ExecutorService 'applicationTaskExecutor'
2020-07-01 15:44:12.957 INFO  --- [           main] com.tmall.marketing.dingdingrobot.PowerJobTests : Started PowerJobTests in 4.652 seconds (JVM running for 5.939)
2020-07-01 15:44:13.097 INFO  --- [SpringContextShutdownHook] org.springframework.scheduling.concurrent.ThreadPoolTaskExecutor : Shutting down ExecutorService 'applicationTaskExecutor'
2020-07-01 15:44:13.098 INFO  --- [SpringContextShutdownHook] org.springframework.scheduling.concurrent.ThreadPoolTaskScheduler : Shutting down ExecutorService 'taskScheduler'
2020-07-01 15:44:13.099 INFO  --- [SpringContextShutdownHook] org.springframework.orm.jpa.LocalContainerEntityManagerFactoryBean : Closing JPA EntityManagerFactory for persistence unit 'default'
2020-07-01 15:44:13.101 INFO  --- [SpringContextShutdownHook] com.zaxxer.hikari.HikariDataSource : HikariPool-1 - Shutdown initiated...
2020-07-01 15:44:13.119 INFO  --- [SpringContextShutdownHook] com.zaxxer.hikari.HikariDataSource : HikariPool-1 - Shutdown completed.
2020-07-01 15:46:47.428 INFO  --- [           main] org.springframework.boot.test.context.SpringBootTestContextBootstrapper : Neither @ContextConfiguration nor @ContextHierarchy found for test class [com.tmall.marketing.dingdingrobot.PowerJobTests], using SpringBootContextLoader
2020-07-01 15:46:47.438 INFO  --- [           main] org.springframework.test.context.support.AbstractContextLoader : Could not detect default resource locations for test class [com.tmall.marketing.dingdingrobot.PowerJobTests]: no resource found for suffixes {-context.xml, Context.groovy}.
2020-07-01 15:46:47.438 INFO  --- [           main] org.springframework.test.context.support.AnnotationConfigContextLoaderUtils : Could not detect default configuration classes for test class [com.tmall.marketing.dingdingrobot.PowerJobTests]: PowerJobTests does not declare any static, non-private, non-final, nested classes annotated with @Configuration.
2020-07-01 15:46:47.577 INFO  --- [           main] org.springframework.boot.test.context.SpringBootTestContextBootstrapper : Found @SpringBootConfiguration com.tmall.marketing.dingdingrobot.DingdingRobotApplication for test class com.tmall.marketing.dingdingrobot.PowerJobTests
2020-07-01 15:46:47.655 INFO  --- [           main] org.springframework.boot.test.context.SpringBootTestContextBootstrapper : Loaded default TestExecutionListener class names from location [META-INF/spring.factories]: [org.springframework.boot.test.mock.mockito.MockitoTestExecutionListener, org.springframework.boot.test.mock.mockito.ResetMocksTestExecutionListener, org.springframework.boot.test.autoconfigure.restdocs.RestDocsTestExecutionListener, org.springframework.boot.test.autoconfigure.web.client.MockRestServiceServerResetTestExecutionListener, org.springframework.boot.test.autoconfigure.web.servlet.MockMvcPrintOnlyOnFailureTestExecutionListener, org.springframework.boot.test.autoconfigure.web.servlet.WebDriverTestExecutionListener, org.springframework.test.context.web.ServletTestExecutionListener, org.springframework.test.context.support.DirtiesContextBeforeModesTestExecutionListener, org.springframework.test.context.support.DependencyInjectionTestExecutionListener, org.springframework.test.context.support.DirtiesContextTestExecutionListener, org.springframework.test.context.transaction.TransactionalTestExecutionListener, org.springframework.test.context.jdbc.SqlScriptsTestExecutionListener, org.springframework.test.context.event.EventPublishingTestExecutionListener]
2020-07-01 15:46:47.670 INFO  --- [           main] org.springframework.boot.test.context.SpringBootTestContextBootstrapper : Using TestExecutionListeners: [org.springframework.test.context.web.ServletTestExecutionListener@1051817b, org.springframework.test.context.support.DirtiesContextBeforeModesTestExecutionListener@35293c05, org.springframework.boot.test.mock.mockito.MockitoTestExecutionListener@620aa4ea, org.springframework.boot.test.autoconfigure.SpringBootDependencyInjectionTestExecutionListener@2db2dd9d, org.springframework.test.context.support.DirtiesContextTestExecutionListener@3174cb09, org.springframework.test.context.transaction.TransactionalTestExecutionListener@4d411036, org.springframework.test.context.jdbc.SqlScriptsTestExecutionListener@7adbd080, org.springframework.test.context.event.EventPublishingTestExecutionListener@41beb473, org.springframework.boot.test.mock.mockito.ResetMocksTestExecutionListener@560513ce, org.springframework.boot.test.autoconfigure.restdocs.RestDocsTestExecutionListener@13006998, org.springframework.boot.test.autoconfigure.web.client.MockRestServiceServerResetTestExecutionListener@37fbe4a8, org.springframework.boot.test.autoconfigure.web.servlet.MockMvcPrintOnlyOnFailureTestExecutionListener@352c308, org.springframework.boot.test.autoconfigure.web.servlet.WebDriverTestExecutionListener@7d373bcf]
2020-07-01 15:46:47.975 INFO  --- [           main] com.tmall.marketing.dingdingrobot.PowerJobTests : Starting PowerJobTests on localhost with PID 79275 (started by tjq in /Users/tjq/Documents/code/DingDing-Robot)
2020-07-01 15:46:47.979 INFO  --- [           main] com.tmall.marketing.dingdingrobot.PowerJobTests : No active profile set, falling back to default profiles: default
2020-07-01 15:46:48.543 INFO  --- [           main] org.springframework.data.repository.config.RepositoryConfigurationDelegate : Bootstrapping Spring Data JPA repositories in DEFAULT mode.
2020-07-01 15:46:48.614 INFO  --- [           main] org.springframework.data.repository.config.RepositoryConfigurationDelegate : Finished Spring Data repository scanning in 64ms. Found 4 JPA repository interfaces.
2020-07-01 15:46:49.231 INFO  --- [           main] org.hibernate.Version : HHH000412: Hibernate ORM core version 5.4.12.Final
2020-07-01 15:46:49.376 INFO  --- [           main] org.hibernate.annotations.common.Version : HCANN000001: Hibernate Commons Annotations {5.1.0.Final}
2020-07-01 15:46:49.510 INFO  --- [           main] com.zaxxer.hikari.HikariDataSource : HikariPool-1 - Starting...
2020-07-01 15:46:50.100 INFO  --- [           main] com.zaxxer.hikari.HikariDataSource : HikariPool-1 - Start completed.
2020-07-01 15:46:50.122 INFO  --- [           main] org.hibernate.dialect.Dialect : HHH000400: Using dialect: org.hibernate.dialect.MySQL8Dialect
2020-07-01 15:46:51.087 INFO  --- [           main] org.hibernate.engine.transaction.jta.platform.internal.JtaPlatformInitiator : HHH000490: Using JtaPlatform implementation: [org.hibernate.engine.transaction.jta.platform.internal.NoJtaPlatform]
2020-07-01 15:46:51.094 INFO  --- [           main] org.springframework.orm.jpa.LocalContainerEntityManagerFactoryBean : Initialized JPA EntityManagerFactory for persistence unit 'default'
2020-07-01 15:46:51.676 INFO  --- [           main] org.springframework.scheduling.concurrent.ThreadPoolTaskScheduler : Initializing ExecutorService 'taskScheduler'
2020-07-01 15:46:51.891 WARN  --- [           main] org.springframework.boot.autoconfigure.orm.jpa.JpaBaseConfiguration$JpaWebConfiguration : spring.jpa.open-in-view is enabled by default. Therefore, database queries may be performed during view rendering. Explicitly configure spring.jpa.open-in-view to disable this warning
2020-07-01 15:46:52.086 INFO  --- [           main] org.springframework.scheduling.concurrent.ThreadPoolTaskExecutor : Initializing ExecutorService 'applicationTaskExecutor'
2020-07-01 15:46:52.414 INFO  --- [           main] com.tmall.marketing.dingdingrobot.PowerJobTests : Started PowerJobTests in 4.705 seconds (JVM running for 5.975)
2020-07-01 15:46:54.645 INFO  --- [SpringContextShutdownHook] org.springframework.scheduling.concurrent.ThreadPoolTaskExecutor : Shutting down ExecutorService 'applicationTaskExecutor'
2020-07-01 15:46:54.646 INFO  --- [SpringContextShutdownHook] org.springframework.scheduling.concurrent.ThreadPoolTaskScheduler : Shutting down ExecutorService 'taskScheduler'
2020-07-01 15:46:54.647 INFO  --- [SpringContextShutdownHook] org.springframework.orm.jpa.LocalContainerEntityManagerFactoryBean : Closing JPA EntityManagerFactory for persistence unit 'default'
2020-07-01 15:46:54.649 INFO  --- [SpringContextShutdownHook] com.zaxxer.hikari.HikariDataSource : HikariPool-1 - Shutdown initiated...
2020-07-01 15:46:54.668 INFO  --- [SpringContextShutdownHook] com.zaxxer.hikari.HikariDataSource : HikariPool-1 - Shutdown completed.
2020-07-01 16:02:22.275 INFO  --- [           main] org.springframework.boot.test.context.SpringBootTestContextBootstrapper : Neither @ContextConfiguration nor @ContextHierarchy found for test class [com.tmall.marketing.dingdingrobot.PowerJobTests], using SpringBootContextLoader
2020-07-01 16:02:22.287 INFO  --- [           main] org.springframework.test.context.support.AbstractContextLoader : Could not detect default resource locations for test class [com.tmall.marketing.dingdingrobot.PowerJobTests]: no resource found for suffixes {-context.xml, Context.groovy}.
2020-07-01 16:02:22.287 INFO  --- [           main] org.springframework.test.context.support.AnnotationConfigContextLoaderUtils : Could not detect default configuration classes for test class [com.tmall.marketing.dingdingrobot.PowerJobTests]: PowerJobTests does not declare any static, non-private, non-final, nested classes annotated with @Configuration.
2020-07-01 16:02:22.438 INFO  --- [           main] org.springframework.boot.test.context.SpringBootTestContextBootstrapper : Found @SpringBootConfiguration com.tmall.marketing.dingdingrobot.DingdingRobotApplication for test class com.tmall.marketing.dingdingrobot.PowerJobTests
2020-07-01 16:02:22.541 INFO  --- [           main] org.springframework.boot.test.context.SpringBootTestContextBootstrapper : Loaded default TestExecutionListener class names from location [META-INF/spring.factories]: [org.springframework.boot.test.mock.mockito.MockitoTestExecutionListener, org.springframework.boot.test.mock.mockito.ResetMocksTestExecutionListener, org.springframework.boot.test.autoconfigure.restdocs.RestDocsTestExecutionListener, org.springframework.boot.test.autoconfigure.web.client.MockRestServiceServerResetTestExecutionListener, org.springframework.boot.test.autoconfigure.web.servlet.MockMvcPrintOnlyOnFailureTestExecutionListener, org.springframework.boot.test.autoconfigure.web.servlet.WebDriverTestExecutionListener, org.springframework.test.context.web.ServletTestExecutionListener, org.springframework.test.context.support.DirtiesContextBeforeModesTestExecutionListener, org.springframework.test.context.support.DependencyInjectionTestExecutionListener, org.springframework.test.context.support.DirtiesContextTestExecutionListener, org.springframework.test.context.transaction.TransactionalTestExecutionListener, org.springframework.test.context.jdbc.SqlScriptsTestExecutionListener, org.springframework.test.context.event.EventPublishingTestExecutionListener]
2020-07-01 16:02:22.558 INFO  --- [           main] org.springframework.boot.test.context.SpringBootTestContextBootstrapper : Using TestExecutionListeners: [org.springframework.test.context.web.ServletTestExecutionListener@1051817b, org.springframework.test.context.support.DirtiesContextBeforeModesTestExecutionListener@35293c05, org.springframework.boot.test.mock.mockito.MockitoTestExecutionListener@620aa4ea, org.springframework.boot.test.autoconfigure.SpringBootDependencyInjectionTestExecutionListener@2db2dd9d, org.springframework.test.context.support.DirtiesContextTestExecutionListener@3174cb09, org.springframework.test.context.transaction.TransactionalTestExecutionListener@4d411036, org.springframework.test.context.jdbc.SqlScriptsTestExecutionListener@7adbd080, org.springframework.test.context.event.EventPublishingTestExecutionListener@41beb473, org.springframework.boot.test.mock.mockito.ResetMocksTestExecutionListener@560513ce, org.springframework.boot.test.autoconfigure.restdocs.RestDocsTestExecutionListener@13006998, org.springframework.boot.test.autoconfigure.web.client.MockRestServiceServerResetTestExecutionListener@37fbe4a8, org.springframework.boot.test.autoconfigure.web.servlet.MockMvcPrintOnlyOnFailureTestExecutionListener@352c308, org.springframework.boot.test.autoconfigure.web.servlet.WebDriverTestExecutionListener@7d373bcf]
2020-07-01 16:02:22.891 INFO  --- [           main] com.tmall.marketing.dingdingrobot.PowerJobTests : Starting PowerJobTests on localhost with PID 79948 (started by tjq in /Users/tjq/Documents/code/DingDing-Robot)
2020-07-01 16:02:22.895 INFO  --- [           main] com.tmall.marketing.dingdingrobot.PowerJobTests : No active profile set, falling back to default profiles: default
2020-07-01 16:02:23.506 INFO  --- [           main] org.springframework.data.repository.config.RepositoryConfigurationDelegate : Bootstrapping Spring Data JPA repositories in DEFAULT mode.
2020-07-01 16:02:23.575 INFO  --- [           main] org.springframework.data.repository.config.RepositoryConfigurationDelegate : Finished Spring Data repository scanning in 62ms. Found 4 JPA repository interfaces.
2020-07-01 16:02:24.213 INFO  --- [           main] org.hibernate.Version : HHH000412: Hibernate ORM core version 5.4.12.Final
2020-07-01 16:02:24.364 INFO  --- [           main] org.hibernate.annotations.common.Version : HCANN000001: Hibernate Commons Annotations {5.1.0.Final}
2020-07-01 16:02:24.510 INFO  --- [           main] com.zaxxer.hikari.HikariDataSource : HikariPool-1 - Starting...
2020-07-01 16:02:25.063 INFO  --- [           main] com.zaxxer.hikari.HikariDataSource : HikariPool-1 - Start completed.
2020-07-01 16:02:25.085 INFO  --- [           main] org.hibernate.dialect.Dialect : HHH000400: Using dialect: org.hibernate.dialect.MySQL8Dialect
2020-07-01 16:02:25.973 INFO  --- [           main] org.hibernate.engine.transaction.jta.platform.internal.JtaPlatformInitiator : HHH000490: Using JtaPlatform implementation: [org.hibernate.engine.transaction.jta.platform.internal.NoJtaPlatform]
2020-07-01 16:02:25.980 INFO  --- [           main] org.springframework.orm.jpa.LocalContainerEntityManagerFactoryBean : Initialized JPA EntityManagerFactory for persistence unit 'default'
2020-07-01 16:02:26.580 INFO  --- [           main] org.springframework.scheduling.concurrent.ThreadPoolTaskScheduler : Initializing ExecutorService 'taskScheduler'
2020-07-01 16:02:26.755 WARN  --- [           main] org.springframework.boot.autoconfigure.orm.jpa.JpaBaseConfiguration$JpaWebConfiguration : spring.jpa.open-in-view is enabled by default. Therefore, database queries may be performed during view rendering. Explicitly configure spring.jpa.open-in-view to disable this warning
2020-07-01 16:02:26.936 INFO  --- [           main] org.springframework.scheduling.concurrent.ThreadPoolTaskExecutor : Initializing ExecutorService 'applicationTaskExecutor'
2020-07-01 16:02:27.255 INFO  --- [           main] com.tmall.marketing.dingdingrobot.PowerJobTests : Started PowerJobTests in 4.653 seconds (JVM running for 5.996)
2020-07-01 16:02:30.329 INFO  --- [SpringContextShutdownHook] org.springframework.scheduling.concurrent.ThreadPoolTaskExecutor : Shutting down ExecutorService 'applicationTaskExecutor'
2020-07-01 16:02:30.329 INFO  --- [SpringContextShutdownHook] org.springframework.scheduling.concurrent.ThreadPoolTaskScheduler : Shutting down ExecutorService 'taskScheduler'
2020-07-01 16:02:30.331 INFO  --- [SpringContextShutdownHook] org.springframework.orm.jpa.LocalContainerEntityManagerFactoryBean : Closing JPA EntityManagerFactory for persistence unit 'default'
2020-07-01 16:02:30.334 INFO  --- [SpringContextShutdownHook] com.zaxxer.hikari.HikariDataSource : HikariPool-1 - Shutdown initiated...
2020-07-01 16:02:30.348 INFO  --- [SpringContextShutdownHook] com.zaxxer.hikari.HikariDataSource : HikariPool-1 - Shutdown completed.
2020-07-01 16:02:49.769 INFO  --- [           main] org.springframework.boot.test.context.SpringBootTestContextBootstrapper : Neither @ContextConfiguration nor @ContextHierarchy found for test class [com.tmall.marketing.dingdingrobot.PowerJobTests], using SpringBootContextLoader
2020-07-01 16:02:49.784 INFO  --- [           main] org.springframework.test.context.support.AbstractContextLoader : Could not detect default resource locations for test class [com.tmall.marketing.dingdingrobot.PowerJobTests]: no resource found for suffixes {-context.xml, Context.groovy}.
2020-07-01 16:02:49.785 INFO  --- [           main] org.springframework.test.context.support.AnnotationConfigContextLoaderUtils : Could not detect default configuration classes for test class [com.tmall.marketing.dingdingrobot.PowerJobTests]: PowerJobTests does not declare any static, non-private, non-final, nested classes annotated with @Configuration.
2020-07-01 16:02:49.933 INFO  --- [           main] org.springframework.boot.test.context.SpringBootTestContextBootstrapper : Found @SpringBootConfiguration com.tmall.marketing.dingdingrobot.DingdingRobotApplication for test class com.tmall.marketing.dingdingrobot.PowerJobTests
2020-07-01 16:02:50.029 INFO  --- [           main] org.springframework.boot.test.context.SpringBootTestContextBootstrapper : Loaded default TestExecutionListener class names from location [META-INF/spring.factories]: [org.springframework.boot.test.mock.mockito.MockitoTestExecutionListener, org.springframework.boot.test.mock.mockito.ResetMocksTestExecutionListener, org.springframework.boot.test.autoconfigure.restdocs.RestDocsTestExecutionListener, org.springframework.boot.test.autoconfigure.web.client.MockRestServiceServerResetTestExecutionListener, org.springframework.boot.test.autoconfigure.web.servlet.MockMvcPrintOnlyOnFailureTestExecutionListener, org.springframework.boot.test.autoconfigure.web.servlet.WebDriverTestExecutionListener, org.springframework.test.context.web.ServletTestExecutionListener, org.springframework.test.context.support.DirtiesContextBeforeModesTestExecutionListener, org.springframework.test.context.support.DependencyInjectionTestExecutionListener, org.springframework.test.context.support.DirtiesContextTestExecutionListener, org.springframework.test.context.transaction.TransactionalTestExecutionListener, org.springframework.test.context.jdbc.SqlScriptsTestExecutionListener, org.springframework.test.context.event.EventPublishingTestExecutionListener]
2020-07-01 16:02:50.046 INFO  --- [           main] org.springframework.boot.test.context.SpringBootTestContextBootstrapper : Using TestExecutionListeners: [org.springframework.test.context.web.ServletTestExecutionListener@6b9267b, org.springframework.test.context.support.DirtiesContextBeforeModesTestExecutionListener@408b35bf, org.springframework.boot.test.mock.mockito.MockitoTestExecutionListener@29ad44e3, org.springframework.boot.test.autoconfigure.SpringBootDependencyInjectionTestExecutionListener@15bcf458, org.springframework.test.context.support.DirtiesContextTestExecutionListener@5af9926a, org.springframework.test.context.transaction.TransactionalTestExecutionListener@43c67247, org.springframework.test.context.jdbc.SqlScriptsTestExecutionListener@fac80, org.springframework.test.context.event.EventPublishingTestExecutionListener@726386ed, org.springframework.boot.test.mock.mockito.ResetMocksTestExecutionListener@649f2009, org.springframework.boot.test.autoconfigure.restdocs.RestDocsTestExecutionListener@14bb2297, org.springframework.boot.test.autoconfigure.web.client.MockRestServiceServerResetTestExecutionListener@69adf72c, org.springframework.boot.test.autoconfigure.web.servlet.MockMvcPrintOnlyOnFailureTestExecutionListener@797501a, org.springframework.boot.test.autoconfigure.web.servlet.WebDriverTestExecutionListener@1a15b789]
2020-07-01 16:02:50.356 INFO  --- [           main] com.tmall.marketing.dingdingrobot.PowerJobTests : Starting PowerJobTests on localhost with PID 79970 (started by tjq in /Users/tjq/Documents/code/DingDing-Robot)
2020-07-01 16:02:50.360 INFO  --- [           main] com.tmall.marketing.dingdingrobot.PowerJobTests : No active profile set, falling back to default profiles: default
2020-07-01 16:02:50.963 INFO  --- [           main] org.springframework.data.repository.config.RepositoryConfigurationDelegate : Bootstrapping Spring Data JPA repositories in DEFAULT mode.
2020-07-01 16:02:51.059 INFO  --- [           main] org.springframework.data.repository.config.RepositoryConfigurationDelegate : Finished Spring Data repository scanning in 88ms. Found 4 JPA repository interfaces.
2020-07-01 16:02:51.627 INFO  --- [           main] org.hibernate.jpa.internal.util.LogHelper : HHH000204: Processing PersistenceUnitInfo [name: default]
2020-07-01 16:02:51.698 INFO  --- [           main] org.hibernate.Version : HHH000412: Hibernate ORM core version 5.4.12.Final
2020-07-01 16:02:51.843 INFO  --- [           main] org.hibernate.annotations.common.Version : HCANN000001: Hibernate Commons Annotations {5.1.0.Final}
2020-07-01 16:02:51.959 INFO  --- [           main] com.zaxxer.hikari.HikariDataSource : HikariPool-1 - Starting...
2020-07-01 16:02:52.510 INFO  --- [           main] com.zaxxer.hikari.HikariDataSource : HikariPool-1 - Start completed.
2020-07-01 16:02:52.534 INFO  --- [           main] org.hibernate.dialect.Dialect : HHH000400: Using dialect: org.hibernate.dialect.MySQL8Dialect
2020-07-01 16:02:53.366 INFO  --- [           main] org.hibernate.engine.transaction.jta.platform.internal.JtaPlatformInitiator : HHH000490: Using JtaPlatform implementation: [org.hibernate.engine.transaction.jta.platform.internal.NoJtaPlatform]
2020-07-01 16:02:53.374 INFO  --- [           main] org.springframework.orm.jpa.LocalContainerEntityManagerFactoryBean : Initialized JPA EntityManagerFactory for persistence unit 'default'
2020-07-01 16:02:53.912 INFO  --- [           main] org.springframework.scheduling.concurrent.ThreadPoolTaskScheduler : Initializing ExecutorService 'taskScheduler'
2020-07-01 16:02:54.087 WARN  --- [           main] org.springframework.boot.autoconfigure.orm.jpa.JpaBaseConfiguration$JpaWebConfiguration : spring.jpa.open-in-view is enabled by default. Therefore, database queries may be performed during view rendering. Explicitly configure spring.jpa.open-in-view to disable this warning
2020-07-01 16:02:54.288 INFO  --- [           main] org.springframework.scheduling.concurrent.ThreadPoolTaskExecutor : Initializing ExecutorService 'applicationTaskExecutor'
2020-07-01 16:02:54.578 INFO  --- [           main] com.tmall.marketing.dingdingrobot.PowerJobTests : Started PowerJobTests in 4.486 seconds (JVM running for 5.988)
2020-07-01 16:02:56.092 INFO  --- [SpringContextShutdownHook] org.springframework.scheduling.concurrent.ThreadPoolTaskExecutor : Shutting down ExecutorService 'applicationTaskExecutor'
2020-07-01 16:02:56.092 INFO  --- [SpringContextShutdownHook] org.springframework.scheduling.concurrent.ThreadPoolTaskScheduler : Shutting down ExecutorService 'taskScheduler'
2020-07-01 16:02:56.094 INFO  --- [SpringContextShutdownHook] org.springframework.orm.jpa.LocalContainerEntityManagerFactoryBean : Closing JPA EntityManagerFactory for persistence unit 'default'
2020-07-01 16:02:56.096 INFO  --- [SpringContextShutdownHook] com.zaxxer.hikari.HikariDataSource : HikariPool-1 - Shutdown initiated...
2020-07-01 16:02:56.113 INFO  --- [SpringContextShutdownHook] com.zaxxer.hikari.HikariDataSource : HikariPool-1 - Shutdown completed.
2020-07-01 16:12:05.326 INFO  --- [           main] org.springframework.boot.test.context.SpringBootTestContextBootstrapper : Neither @ContextConfiguration nor @ContextHierarchy found for test class [com.tmall.marketing.dingdingrobot.PowerJobTests], using SpringBootContextLoader
2020-07-01 16:12:05.340 INFO  --- [           main] org.springframework.test.context.support.AbstractContextLoader : Could not detect default resource locations for test class [com.tmall.marketing.dingdingrobot.PowerJobTests]: no resource found for suffixes {-context.xml, Context.groovy}.
2020-07-01 16:12:05.341 INFO  --- [           main] org.springframework.test.context.support.AnnotationConfigContextLoaderUtils : Could not detect default configuration classes for test class [com.tmall.marketing.dingdingrobot.PowerJobTests]: PowerJobTests does not declare any static, non-private, non-final, nested classes annotated with @Configuration.
2020-07-01 16:12:05.501 INFO  --- [           main] org.springframework.boot.test.context.SpringBootTestContextBootstrapper : Found @SpringBootConfiguration com.tmall.marketing.dingdingrobot.DingdingRobotApplication for test class com.tmall.marketing.dingdingrobot.PowerJobTests
2020-07-01 16:12:05.581 INFO  --- [           main] org.springframework.boot.test.context.SpringBootTestContextBootstrapper : Loaded default TestExecutionListener class names from location [META-INF/spring.factories]: [org.springframework.boot.test.mock.mockito.MockitoTestExecutionListener, org.springframework.boot.test.mock.mockito.ResetMocksTestExecutionListener, org.springframework.boot.test.autoconfigure.restdocs.RestDocsTestExecutionListener, org.springframework.boot.test.autoconfigure.web.client.MockRestServiceServerResetTestExecutionListener, org.springframework.boot.test.autoconfigure.web.servlet.MockMvcPrintOnlyOnFailureTestExecutionListener, org.springframework.boot.test.autoconfigure.web.servlet.WebDriverTestExecutionListener, org.springframework.test.context.web.ServletTestExecutionListener, org.springframework.test.context.support.DirtiesContextBeforeModesTestExecutionListener, org.springframework.test.context.support.DependencyInjectionTestExecutionListener, org.springframework.test.context.support.DirtiesContextTestExecutionListener, org.springframework.test.context.transaction.TransactionalTestExecutionListener, org.springframework.test.context.jdbc.SqlScriptsTestExecutionListener, org.springframework.test.context.event.EventPublishingTestExecutionListener]
2020-07-01 16:12:05.596 INFO  --- [           main] org.springframework.boot.test.context.SpringBootTestContextBootstrapper : Using TestExecutionListeners: [org.springframework.test.context.web.ServletTestExecutionListener@1051817b, org.springframework.test.context.support.DirtiesContextBeforeModesTestExecutionListener@35293c05, org.springframework.boot.test.mock.mockito.MockitoTestExecutionListener@620aa4ea, org.springframework.boot.test.autoconfigure.SpringBootDependencyInjectionTestExecutionListener@2db2dd9d, org.springframework.test.context.support.DirtiesContextTestExecutionListener@3174cb09, org.springframework.test.context.transaction.TransactionalTestExecutionListener@4d411036, org.springframework.test.context.jdbc.SqlScriptsTestExecutionListener@7adbd080, org.springframework.test.context.event.EventPublishingTestExecutionListener@41beb473, org.springframework.boot.test.mock.mockito.ResetMocksTestExecutionListener@560513ce, org.springframework.boot.test.autoconfigure.restdocs.RestDocsTestExecutionListener@13006998, org.springframework.boot.test.autoconfigure.web.client.MockRestServiceServerResetTestExecutionListener@37fbe4a8, org.springframework.boot.test.autoconfigure.web.servlet.MockMvcPrintOnlyOnFailureTestExecutionListener@352c308, org.springframework.boot.test.autoconfigure.web.servlet.WebDriverTestExecutionListener@7d373bcf]
2020-07-01 16:12:05.887 INFO  --- [           main] com.tmall.marketing.dingdingrobot.PowerJobTests : Starting PowerJobTests on localhost with PID 80339 (started by tjq in /Users/tjq/Documents/code/DingDing-Robot)
2020-07-01 16:12:05.892 INFO  --- [           main] com.tmall.marketing.dingdingrobot.PowerJobTests : No active profile set, falling back to default profiles: default
2020-07-01 16:12:06.440 INFO  --- [           main] org.springframework.data.repository.config.RepositoryConfigurationDelegate : Bootstrapping Spring Data JPA repositories in DEFAULT mode.
2020-07-01 16:12:06.510 INFO  --- [           main] org.springframework.data.repository.config.RepositoryConfigurationDelegate : Finished Spring Data repository scanning in 61ms. Found 4 JPA repository interfaces.
2020-07-01 16:12:07.030 INFO  --- [           main] org.hibernate.jpa.internal.util.LogHelper : HHH000204: Processing PersistenceUnitInfo [name: default]
2020-07-01 16:12:07.086 INFO  --- [           main] org.hibernate.Version : HHH000412: Hibernate ORM core version 5.4.12.Final
2020-07-01 16:12:07.234 INFO  --- [           main] org.hibernate.annotations.common.Version : HCANN000001: Hibernate Commons Annotations {5.1.0.Final}
2020-07-01 16:12:07.330 INFO  --- [           main] com.zaxxer.hikari.HikariDataSource : HikariPool-1 - Starting...
2020-07-01 16:12:07.892 INFO  --- [           main] com.zaxxer.hikari.HikariDataSource : HikariPool-1 - Start completed.
2020-07-01 16:12:07.910 INFO  --- [           main] org.hibernate.dialect.Dialect : HHH000400: Using dialect: org.hibernate.dialect.MySQL8Dialect
2020-07-01 16:12:08.702 INFO  --- [           main] org.hibernate.engine.transaction.jta.platform.internal.JtaPlatformInitiator : HHH000490: Using JtaPlatform implementation: [org.hibernate.engine.transaction.jta.platform.internal.NoJtaPlatform]
2020-07-01 16:12:08.709 INFO  --- [           main] org.springframework.orm.jpa.LocalContainerEntityManagerFactoryBean : Initialized JPA EntityManagerFactory for persistence unit 'default'
2020-07-01 16:12:09.197 INFO  --- [           main] org.springframework.scheduling.concurrent.ThreadPoolTaskScheduler : Initializing ExecutorService 'taskScheduler'
2020-07-01 16:12:09.369 WARN  --- [           main] org.springframework.boot.autoconfigure.orm.jpa.JpaBaseConfiguration$JpaWebConfiguration : spring.jpa.open-in-view is enabled by default. Therefore, database queries may be performed during view rendering. Explicitly configure spring.jpa.open-in-view to disable this warning
2020-07-01 16:12:09.557 INFO  --- [           main] org.springframework.scheduling.concurrent.ThreadPoolTaskExecutor : Initializing ExecutorService 'applicationTaskExecutor'
2020-07-01 16:12:09.846 INFO  --- [           main] com.tmall.marketing.dingdingrobot.PowerJobTests : Started PowerJobTests in 4.208 seconds (JVM running for 5.583)
2020-07-01 16:12:12.054 INFO  --- [SpringContextShutdownHook] org.springframework.scheduling.concurrent.ThreadPoolTaskExecutor : Shutting down ExecutorService 'applicationTaskExecutor'
2020-07-01 16:12:12.055 INFO  --- [SpringContextShutdownHook] org.springframework.scheduling.concurrent.ThreadPoolTaskScheduler : Shutting down ExecutorService 'taskScheduler'
2020-07-01 16:12:12.058 INFO  --- [SpringContextShutdownHook] org.springframework.orm.jpa.LocalContainerEntityManagerFactoryBean : Closing JPA EntityManagerFactory for persistence unit 'default'
2020-07-01 16:12:12.060 INFO  --- [SpringContextShutdownHook] com.zaxxer.hikari.HikariDataSource : HikariPool-1 - Shutdown initiated...
2020-07-01 16:12:12.079 INFO  --- [SpringContextShutdownHook] com.zaxxer.hikari.HikariDataSource : HikariPool-1 - Shutdown completed.
2020-07-01 16:15:56.801 INFO  --- [           main] org.springframework.boot.test.context.SpringBootTestContextBootstrapper : Neither @ContextConfiguration nor @ContextHierarchy found for test class [com.tmall.marketing.dingdingrobot.PowerJobTests], using SpringBootContextLoader
2020-07-01 16:15:56.812 INFO  --- [           main] org.springframework.test.context.support.AbstractContextLoader : Could not detect default resource locations for test class [com.tmall.marketing.dingdingrobot.PowerJobTests]: no resource found for suffixes {-context.xml, Context.groovy}.
2020-07-01 16:15:56.813 INFO  --- [           main] org.springframework.test.context.support.AnnotationConfigContextLoaderUtils : Could not detect default configuration classes for test class [com.tmall.marketing.dingdingrobot.PowerJobTests]: PowerJobTests does not declare any static, non-private, non-final, nested classes annotated with @Configuration.
2020-07-01 16:15:56.951 INFO  --- [           main] org.springframework.boot.test.context.SpringBootTestContextBootstrapper : Found @SpringBootConfiguration com.tmall.marketing.dingdingrobot.DingdingRobotApplication for test class com.tmall.marketing.dingdingrobot.PowerJobTests
2020-07-01 16:15:57.032 INFO  --- [           main] org.springframework.boot.test.context.SpringBootTestContextBootstrapper : Loaded default TestExecutionListener class names from location [META-INF/spring.factories]: [org.springframework.boot.test.mock.mockito.MockitoTestExecutionListener, org.springframework.boot.test.mock.mockito.ResetMocksTestExecutionListener, org.springframework.boot.test.autoconfigure.restdocs.RestDocsTestExecutionListener, org.springframework.boot.test.autoconfigure.web.client.MockRestServiceServerResetTestExecutionListener, org.springframework.boot.test.autoconfigure.web.servlet.MockMvcPrintOnlyOnFailureTestExecutionListener, org.springframework.boot.test.autoconfigure.web.servlet.WebDriverTestExecutionListener, org.springframework.test.context.web.ServletTestExecutionListener, org.springframework.test.context.support.DirtiesContextBeforeModesTestExecutionListener, org.springframework.test.context.support.DependencyInjectionTestExecutionListener, org.springframework.test.context.support.DirtiesContextTestExecutionListener, org.springframework.test.context.transaction.TransactionalTestExecutionListener, org.springframework.test.context.jdbc.SqlScriptsTestExecutionListener, org.springframework.test.context.event.EventPublishingTestExecutionListener]
2020-07-01 16:15:57.050 INFO  --- [           main] org.springframework.boot.test.context.SpringBootTestContextBootstrapper : Using TestExecutionListeners: [org.springframework.test.context.web.ServletTestExecutionListener@1051817b, org.springframework.test.context.support.DirtiesContextBeforeModesTestExecutionListener@35293c05, org.springframework.boot.test.mock.mockito.MockitoTestExecutionListener@620aa4ea, org.springframework.boot.test.autoconfigure.SpringBootDependencyInjectionTestExecutionListener@2db2dd9d, org.springframework.test.context.support.DirtiesContextTestExecutionListener@3174cb09, org.springframework.test.context.transaction.TransactionalTestExecutionListener@4d411036, org.springframework.test.context.jdbc.SqlScriptsTestExecutionListener@7adbd080, org.springframework.test.context.event.EventPublishingTestExecutionListener@41beb473, org.springframework.boot.test.mock.mockito.ResetMocksTestExecutionListener@560513ce, org.springframework.boot.test.autoconfigure.restdocs.RestDocsTestExecutionListener@13006998, org.springframework.boot.test.autoconfigure.web.client.MockRestServiceServerResetTestExecutionListener@37fbe4a8, org.springframework.boot.test.autoconfigure.web.servlet.MockMvcPrintOnlyOnFailureTestExecutionListener@352c308, org.springframework.boot.test.autoconfigure.web.servlet.WebDriverTestExecutionListener@7d373bcf]
2020-07-01 16:15:57.332 INFO  --- [           main] com.tmall.marketing.dingdingrobot.PowerJobTests : Starting PowerJobTests on localhost with PID 80564 (started by tjq in /Users/tjq/Documents/code/DingDing-Robot)
2020-07-01 16:15:57.335 INFO  --- [           main] com.tmall.marketing.dingdingrobot.PowerJobTests : No active profile set, falling back to default profiles: default
2020-07-01 16:15:57.891 INFO  --- [           main] org.springframework.data.repository.config.RepositoryConfigurationDelegate : Bootstrapping Spring Data JPA repositories in DEFAULT mode.
2020-07-01 16:15:57.959 INFO  --- [           main] org.springframework.data.repository.config.RepositoryConfigurationDelegate : Finished Spring Data repository scanning in 60ms. Found 4 JPA repository interfaces.
2020-07-01 16:15:58.491 INFO  --- [           main] org.hibernate.jpa.internal.util.LogHelper : HHH000204: Processing PersistenceUnitInfo [name: default]
2020-07-01 16:15:58.550 INFO  --- [           main] org.hibernate.Version : HHH000412: Hibernate ORM core version 5.4.12.Final
2020-07-01 16:15:58.704 INFO  --- [           main] org.hibernate.annotations.common.Version : HCANN000001: Hibernate Commons Annotations {5.1.0.Final}
2020-07-01 16:15:58.809 INFO  --- [           main] com.zaxxer.hikari.HikariDataSource : HikariPool-1 - Starting...
2020-07-01 16:15:59.292 INFO  --- [           main] com.zaxxer.hikari.HikariDataSource : HikariPool-1 - Start completed.
2020-07-01 16:15:59.315 INFO  --- [           main] org.hibernate.dialect.Dialect : HHH000400: Using dialect: org.hibernate.dialect.MySQL8Dialect
2020-07-01 16:16:00.145 INFO  --- [           main] org.hibernate.engine.transaction.jta.platform.internal.JtaPlatformInitiator : HHH000490: Using JtaPlatform implementation: [org.hibernate.engine.transaction.jta.platform.internal.NoJtaPlatform]
2020-07-01 16:16:00.150 INFO  --- [           main] org.springframework.orm.jpa.LocalContainerEntityManagerFactoryBean : Initialized JPA EntityManagerFactory for persistence unit 'default'
2020-07-01 16:16:00.632 INFO  --- [           main] org.springframework.scheduling.concurrent.ThreadPoolTaskScheduler : Initializing ExecutorService 'taskScheduler'
2020-07-01 16:16:00.802 WARN  --- [           main] org.springframework.boot.autoconfigure.orm.jpa.JpaBaseConfiguration$JpaWebConfiguration : spring.jpa.open-in-view is enabled by default. Therefore, database queries may be performed during view rendering. Explicitly configure spring.jpa.open-in-view to disable this warning
2020-07-01 16:16:00.989 INFO  --- [           main] org.springframework.scheduling.concurrent.ThreadPoolTaskExecutor : Initializing ExecutorService 'applicationTaskExecutor'
2020-07-01 16:16:01.256 INFO  --- [           main] com.tmall.marketing.dingdingrobot.PowerJobTests : Started PowerJobTests in 4.165 seconds (JVM running for 5.505)
2020-07-01 16:16:03.305 INFO  --- [SpringContextShutdownHook] org.springframework.scheduling.concurrent.ThreadPoolTaskExecutor : Shutting down ExecutorService 'applicationTaskExecutor'
2020-07-01 16:16:03.307 INFO  --- [SpringContextShutdownHook] org.springframework.scheduling.concurrent.ThreadPoolTaskScheduler : Shutting down ExecutorService 'taskScheduler'
2020-07-01 16:16:03.309 INFO  --- [SpringContextShutdownHook] org.springframework.orm.jpa.LocalContainerEntityManagerFactoryBean : Closing JPA EntityManagerFactory for persistence unit 'default'
2020-07-01 16:16:03.311 INFO  --- [SpringContextShutdownHook] com.zaxxer.hikari.HikariDataSource : HikariPool-1 - Shutdown initiated...
2020-07-01 16:16:03.328 INFO  --- [SpringContextShutdownHook] com.zaxxer.hikari.HikariDataSource : HikariPool-1 - Shutdown completed.
2020-07-01 16:18:24.874 INFO  --- [           main] org.springframework.boot.test.context.SpringBootTestContextBootstrapper : Neither @ContextConfiguration nor @ContextHierarchy found for test class [com.tmall.marketing.dingdingrobot.PowerJobTests], using SpringBootContextLoader
2020-07-01 16:18:24.888 INFO  --- [           main] org.springframework.test.context.support.AbstractContextLoader : Could not detect default resource locations for test class [com.tmall.marketing.dingdingrobot.PowerJobTests]: no resource found for suffixes {-context.xml, Context.groovy}.
2020-07-01 16:18:24.889 INFO  --- [           main] org.springframework.test.context.support.AnnotationConfigContextLoaderUtils : Could not detect default configuration classes for test class [com.tmall.marketing.dingdingrobot.PowerJobTests]: PowerJobTests does not declare any static, non-private, non-final, nested classes annotated with @Configuration.
2020-07-01 16:18:25.038 INFO  --- [           main] org.springframework.boot.test.context.SpringBootTestContextBootstrapper : Found @SpringBootConfiguration com.tmall.marketing.dingdingrobot.DingdingRobotApplication for test class com.tmall.marketing.dingdingrobot.PowerJobTests
2020-07-01 16:18:25.147 INFO  --- [           main] org.springframework.boot.test.context.SpringBootTestContextBootstrapper : Loaded default TestExecutionListener class names from location [META-INF/spring.factories]: [org.springframework.boot.test.mock.mockito.MockitoTestExecutionListener, org.springframework.boot.test.mock.mockito.ResetMocksTestExecutionListener, org.springframework.boot.test.autoconfigure.restdocs.RestDocsTestExecutionListener, org.springframework.boot.test.autoconfigure.web.client.MockRestServiceServerResetTestExecutionListener, org.springframework.boot.test.autoconfigure.web.servlet.MockMvcPrintOnlyOnFailureTestExecutionListener, org.springframework.boot.test.autoconfigure.web.servlet.WebDriverTestExecutionListener, org.springframework.test.context.web.ServletTestExecutionListener, org.springframework.test.context.support.DirtiesContextBeforeModesTestExecutionListener, org.springframework.test.context.support.DependencyInjectionTestExecutionListener, org.springframework.test.context.support.DirtiesContextTestExecutionListener, org.springframework.test.context.transaction.TransactionalTestExecutionListener, org.springframework.test.context.jdbc.SqlScriptsTestExecutionListener, org.springframework.test.context.event.EventPublishingTestExecutionListener]
2020-07-01 16:18:25.166 INFO  --- [           main] org.springframework.boot.test.context.SpringBootTestContextBootstrapper : Using TestExecutionListeners: [org.springframework.test.context.web.ServletTestExecutionListener@1051817b, org.springframework.test.context.support.DirtiesContextBeforeModesTestExecutionListener@35293c05, org.springframework.boot.test.mock.mockito.MockitoTestExecutionListener@620aa4ea, org.springframework.boot.test.autoconfigure.SpringBootDependencyInjectionTestExecutionListener@2db2dd9d, org.springframework.test.context.support.DirtiesContextTestExecutionListener@3174cb09, org.springframework.test.context.transaction.TransactionalTestExecutionListener@4d411036, org.springframework.test.context.jdbc.SqlScriptsTestExecutionListener@7adbd080, org.springframework.test.context.event.EventPublishingTestExecutionListener@41beb473, org.springframework.boot.test.mock.mockito.ResetMocksTestExecutionListener@560513ce, org.springframework.boot.test.autoconfigure.restdocs.RestDocsTestExecutionListener@13006998, org.springframework.boot.test.autoconfigure.web.client.MockRestServiceServerResetTestExecutionListener@37fbe4a8, org.springframework.boot.test.autoconfigure.web.servlet.MockMvcPrintOnlyOnFailureTestExecutionListener@352c308, org.springframework.boot.test.autoconfigure.web.servlet.WebDriverTestExecutionListener@7d373bcf]
2020-07-01 16:18:25.465 INFO  --- [           main] com.tmall.marketing.dingdingrobot.PowerJobTests : Starting PowerJobTests on localhost with PID 80661 (started by tjq in /Users/tjq/Documents/code/DingDing-Robot)
2020-07-01 16:18:25.469 INFO  --- [           main] com.tmall.marketing.dingdingrobot.PowerJobTests : No active profile set, falling back to default profiles: default
2020-07-01 16:18:26.027 INFO  --- [           main] org.springframework.data.repository.config.RepositoryConfigurationDelegate : Bootstrapping Spring Data JPA repositories in DEFAULT mode.
2020-07-01 16:18:26.101 INFO  --- [           main] org.springframework.data.repository.config.RepositoryConfigurationDelegate : Finished Spring Data repository scanning in 67ms. Found 4 JPA repository interfaces.
2020-07-01 16:18:26.610 INFO  --- [           main] org.hibernate.jpa.internal.util.LogHelper : HHH000204: Processing PersistenceUnitInfo [name: default]
2020-07-01 16:18:26.670 INFO  --- [           main] org.hibernate.Version : HHH000412: Hibernate ORM core version 5.4.12.Final
2020-07-01 16:18:26.790 INFO  --- [           main] org.hibernate.annotations.common.Version : HCANN000001: Hibernate Commons Annotations {5.1.0.Final}
2020-07-01 16:18:26.891 INFO  --- [           main] com.zaxxer.hikari.HikariDataSource : HikariPool-1 - Starting...
2020-07-01 16:18:27.425 INFO  --- [           main] com.zaxxer.hikari.HikariDataSource : HikariPool-1 - Start completed.
2020-07-01 16:18:27.450 INFO  --- [           main] org.hibernate.dialect.Dialect : HHH000400: Using dialect: org.hibernate.dialect.MySQL8Dialect
2020-07-01 16:18:28.303 INFO  --- [           main] org.hibernate.engine.transaction.jta.platform.internal.JtaPlatformInitiator : HHH000490: Using JtaPlatform implementation: [org.hibernate.engine.transaction.jta.platform.internal.NoJtaPlatform]
2020-07-01 16:18:28.310 INFO  --- [           main] org.springframework.orm.jpa.LocalContainerEntityManagerFactoryBean : Initialized JPA EntityManagerFactory for persistence unit 'default'
2020-07-01 16:18:28.825 INFO  --- [           main] org.springframework.scheduling.concurrent.ThreadPoolTaskScheduler : Initializing ExecutorService 'taskScheduler'
2020-07-01 16:18:29.005 WARN  --- [           main] org.springframework.boot.autoconfigure.orm.jpa.JpaBaseConfiguration$JpaWebConfiguration : spring.jpa.open-in-view is enabled by default. Therefore, database queries may be performed during view rendering. Explicitly configure spring.jpa.open-in-view to disable this warning
2020-07-01 16:18:29.197 INFO  --- [           main] org.springframework.scheduling.concurrent.ThreadPoolTaskExecutor : Initializing ExecutorService 'applicationTaskExecutor'
2020-07-01 16:18:29.485 INFO  --- [           main] com.tmall.marketing.dingdingrobot.PowerJobTests : Started PowerJobTests in 4.278 seconds (JVM running for 5.596)
2020-07-01 16:18:31.347 INFO  --- [SpringContextShutdownHook] org.springframework.scheduling.concurrent.ThreadPoolTaskExecutor : Shutting down ExecutorService 'applicationTaskExecutor'
2020-07-01 16:18:31.348 INFO  --- [SpringContextShutdownHook] org.springframework.scheduling.concurrent.ThreadPoolTaskScheduler : Shutting down ExecutorService 'taskScheduler'
2020-07-01 16:18:31.350 INFO  --- [SpringContextShutdownHook] org.springframework.orm.jpa.LocalContainerEntityManagerFactoryBean : Closing JPA EntityManagerFactory for persistence unit 'default'
2020-07-01 16:18:31.352 INFO  --- [SpringContextShutdownHook] com.zaxxer.hikari.HikariDataSource : HikariPool-1 - Shutdown initiated...
2020-07-01 16:18:31.368 INFO  --- [SpringContextShutdownHook] com.zaxxer.hikari.HikariDataSource : HikariPool-1 - Shutdown completed.
2020-07-01 16:19:38.081 INFO  --- [           main] org.springframework.boot.test.context.SpringBootTestContextBootstrapper : Neither @ContextConfiguration nor @ContextHierarchy found for test class [com.tmall.marketing.dingdingrobot.PowerJobTests], using SpringBootContextLoader
2020-07-01 16:19:38.093 INFO  --- [           main] org.springframework.test.context.support.AbstractContextLoader : Could not detect default resource locations for test class [com.tmall.marketing.dingdingrobot.PowerJobTests]: no resource found for suffixes {-context.xml, Context.groovy}.
2020-07-01 16:19:38.094 INFO  --- [           main] org.springframework.test.context.support.AnnotationConfigContextLoaderUtils : Could not detect default configuration classes for test class [com.tmall.marketing.dingdingrobot.PowerJobTests]: PowerJobTests does not declare any static, non-private, non-final, nested classes annotated with @Configuration.
2020-07-01 16:19:38.209 INFO  --- [           main] org.springframework.boot.test.context.SpringBootTestContextBootstrapper : Found @SpringBootConfiguration com.tmall.marketing.dingdingrobot.DingdingRobotApplication for test class com.tmall.marketing.dingdingrobot.PowerJobTests
2020-07-01 16:19:38.317 INFO  --- [           main] org.springframework.boot.test.context.SpringBootTestContextBootstrapper : Loaded default TestExecutionListener class names from location [META-INF/spring.factories]: [org.springframework.boot.test.mock.mockito.MockitoTestExecutionListener, org.springframework.boot.test.mock.mockito.ResetMocksTestExecutionListener, org.springframework.boot.test.autoconfigure.restdocs.RestDocsTestExecutionListener, org.springframework.boot.test.autoconfigure.web.client.MockRestServiceServerResetTestExecutionListener, org.springframework.boot.test.autoconfigure.web.servlet.MockMvcPrintOnlyOnFailureTestExecutionListener, org.springframework.boot.test.autoconfigure.web.servlet.WebDriverTestExecutionListener, org.springframework.test.context.web.ServletTestExecutionListener, org.springframework.test.context.support.DirtiesContextBeforeModesTestExecutionListener, org.springframework.test.context.support.DependencyInjectionTestExecutionListener, org.springframework.test.context.support.DirtiesContextTestExecutionListener, org.springframework.test.context.transaction.TransactionalTestExecutionListener, org.springframework.test.context.jdbc.SqlScriptsTestExecutionListener, org.springframework.test.context.event.EventPublishingTestExecutionListener]
2020-07-01 16:19:38.335 INFO  --- [           main] org.springframework.boot.test.context.SpringBootTestContextBootstrapper : Using TestExecutionListeners: [org.springframework.test.context.web.ServletTestExecutionListener@1051817b, org.springframework.test.context.support.DirtiesContextBeforeModesTestExecutionListener@35293c05, org.springframework.boot.test.mock.mockito.MockitoTestExecutionListener@620aa4ea, org.springframework.boot.test.autoconfigure.SpringBootDependencyInjectionTestExecutionListener@2db2dd9d, org.springframework.test.context.support.DirtiesContextTestExecutionListener@3174cb09, org.springframework.test.context.transaction.TransactionalTestExecutionListener@4d411036, org.springframework.test.context.jdbc.SqlScriptsTestExecutionListener@7adbd080, org.springframework.test.context.event.EventPublishingTestExecutionListener@41beb473, org.springframework.boot.test.mock.mockito.ResetMocksTestExecutionListener@560513ce, org.springframework.boot.test.autoconfigure.restdocs.RestDocsTestExecutionListener@13006998, org.springframework.boot.test.autoconfigure.web.client.MockRestServiceServerResetTestExecutionListener@37fbe4a8, org.springframework.boot.test.autoconfigure.web.servlet.MockMvcPrintOnlyOnFailureTestExecutionListener@352c308, org.springframework.boot.test.autoconfigure.web.servlet.WebDriverTestExecutionListener@7d373bcf]
2020-07-01 16:19:38.643 INFO  --- [           main] com.tmall.marketing.dingdingrobot.PowerJobTests : Starting PowerJobTests on localhost with PID 80714 (started by tjq in /Users/tjq/Documents/code/DingDing-Robot)
2020-07-01 16:19:38.646 INFO  --- [           main] com.tmall.marketing.dingdingrobot.PowerJobTests : No active profile set, falling back to default profiles: default
2020-07-01 16:19:39.186 INFO  --- [           main] org.springframework.data.repository.config.RepositoryConfigurationDelegate : Bootstrapping Spring Data JPA repositories in DEFAULT mode.
2020-07-01 16:19:39.252 INFO  --- [           main] org.springframework.data.repository.config.RepositoryConfigurationDelegate : Finished Spring Data repository scanning in 59ms. Found 4 JPA repository interfaces.
2020-07-01 16:19:39.817 INFO  --- [           main] org.hibernate.jpa.internal.util.LogHelper : HHH000204: Processing PersistenceUnitInfo [name: default]
2020-07-01 16:19:39.885 INFO  --- [           main] org.hibernate.Version : HHH000412: Hibernate ORM core version 5.4.12.Final
2020-07-01 16:19:40.025 INFO  --- [           main] org.hibernate.annotations.common.Version : HCANN000001: Hibernate Commons Annotations {5.1.0.Final}
2020-07-01 16:19:40.141 INFO  --- [           main] com.zaxxer.hikari.HikariDataSource : HikariPool-1 - Starting...
2020-07-01 16:19:40.773 INFO  --- [           main] com.zaxxer.hikari.HikariDataSource : HikariPool-1 - Start completed.
2020-07-01 16:19:40.799 INFO  --- [           main] org.hibernate.dialect.Dialect : HHH000400: Using dialect: org.hibernate.dialect.MySQL8Dialect
2020-07-01 16:19:41.688 INFO  --- [           main] org.hibernate.engine.transaction.jta.platform.internal.JtaPlatformInitiator : HHH000490: Using JtaPlatform implementation: [org.hibernate.engine.transaction.jta.platform.internal.NoJtaPlatform]
2020-07-01 16:19:41.694 INFO  --- [           main] org.springframework.orm.jpa.LocalContainerEntityManagerFactoryBean : Initialized JPA EntityManagerFactory for persistence unit 'default'
2020-07-01 16:19:42.202 INFO  --- [           main] org.springframework.scheduling.concurrent.ThreadPoolTaskScheduler : Initializing ExecutorService 'taskScheduler'
2020-07-01 16:19:42.382 WARN  --- [           main] org.springframework.boot.autoconfigure.orm.jpa.JpaBaseConfiguration$JpaWebConfiguration : spring.jpa.open-in-view is enabled by default. Therefore, database queries may be performed during view rendering. Explicitly configure spring.jpa.open-in-view to disable this warning
2020-07-01 16:19:42.559 INFO  --- [           main] org.springframework.scheduling.concurrent.ThreadPoolTaskExecutor : Initializing ExecutorService 'applicationTaskExecutor'
2020-07-01 16:19:42.849 INFO  --- [           main] com.tmall.marketing.dingdingrobot.PowerJobTests : Started PowerJobTests in 4.473 seconds (JVM running for 5.769)
2020-07-01 16:19:44.765 INFO  --- [SpringContextShutdownHook] org.springframework.scheduling.concurrent.ThreadPoolTaskExecutor : Shutting down ExecutorService 'applicationTaskExecutor'
2020-07-01 16:19:44.766 INFO  --- [SpringContextShutdownHook] org.springframework.scheduling.concurrent.ThreadPoolTaskScheduler : Shutting down ExecutorService 'taskScheduler'
2020-07-01 16:19:44.767 INFO  --- [SpringContextShutdownHook] org.springframework.orm.jpa.LocalContainerEntityManagerFactoryBean : Closing JPA EntityManagerFactory for persistence unit 'default'
2020-07-01 16:19:44.769 INFO  --- [SpringContextShutdownHook] com.zaxxer.hikari.HikariDataSource : HikariPool-1 - Shutdown initiated...
2020-07-01 16:19:44.783 INFO  --- [SpringContextShutdownHook] com.zaxxer.hikari.HikariDataSource : HikariPool-1 - Shutdown completed.
